\BOOKMARK [0][-]{chapter.1}{\376\377\000I\000n\000t\000r\000o\000d\000u\000\347\000\343\000o}{}% 1
\BOOKMARK [1][-]{section.1.1}{\376\377\000C\000o\000n\000t\000e\000x\000t\000u\000a\000l\000i\000z\000a\000\347\000\343\000o}{chapter.1}% 2
\BOOKMARK [1][-]{section.1.2}{\376\377\000M\000o\000t\000i\000v\000a\000\347\000\343\000o\000\040\000e\000\040\000R\000e\000l\000e\000v\000\342\000n\000c\000i\000a}{chapter.1}% 3
\BOOKMARK [1][-]{section.1.3}{\376\377\000O\000b\000j\000e\000t\000i\000v\000o}{chapter.1}% 4
\BOOKMARK [2][-]{subsection.1.3.1}{\376\377\000O\000b\000j\000e\000t\000i\000v\000o\000\040\000G\000e\000r\000a\000l}{section.1.3}% 5
\BOOKMARK [2][-]{subsection.1.3.2}{\376\377\000O\000b\000j\000e\000t\000i\000v\000o\000s\000\040\000E\000s\000p\000e\000c\000\355\000f\000i\000c\000o\000s}{section.1.3}% 6
\BOOKMARK [1][-]{section.1.4}{\376\377\000O\000r\000g\000a\000n\000i\000z\000a\000\347\000\343\000o\000\040\000d\000o\000\040\000T\000r\000a\000b\000a\000l\000h\000o}{chapter.1}% 7
\BOOKMARK [0][-]{chapter.2}{\376\377\000T\000r\000a\000b\000a\000l\000h\000o\000s\000\040\000R\000e\000l\000a\000c\000i\000o\000n\000a\000d\000o\000s}{}% 8
\BOOKMARK [1][-]{section.2.1}{\376\377\000S\000\351\000r\000i\000e\000s\000\040\000T\000e\000m\000p\000o\000r\000a\000i\000s}{chapter.2}% 9
\BOOKMARK [1][-]{section.2.2}{\376\377\000M\000e\000r\000c\000a\000d\000o\000\040\000F\000i\000n\000a\000n\000c\000e\000i\000r\000o}{chapter.2}% 10
\BOOKMARK [1][-]{section.2.3}{\376\377\000A\000b\000o\000r\000d\000a\000g\000e\000n\000s}{chapter.2}% 11
\BOOKMARK [1][-]{section.2.4}{\376\377\000C\000o\000n\000j\000u\000n\000t\000o\000s\000\040\000d\000e\000\040\000D\000a\000d\000o\000s}{chapter.2}% 12
\BOOKMARK [1][-]{section.2.5}{\376\377\000G\000e\000r\000a\000\347\000\343\000o\000\040\000d\000e\000\040\000V\000a\000r\000i\000\341\000v\000e\000i\000s}{chapter.2}% 13
\BOOKMARK [1][-]{section.2.6}{\376\377\000S\000e\000l\000e\000\347\000\343\000o\000\040\000d\000e\000\040\000V\000a\000r\000i\000\341\000v\000e\000i\000s}{chapter.2}% 14
\BOOKMARK [1][-]{section.2.7}{\376\377\000T\000\351\000c\000n\000i\000c\000a\000s\000\040\000d\000e\000\040\000P\000r\000e\000d\000i\000\347\000\343\000o}{chapter.2}% 15
\BOOKMARK [1][-]{section.2.8}{\376\377\000E\000s\000t\000r\000a\000t\000\351\000g\000i\000a\000s}{chapter.2}% 16
\BOOKMARK [1][-]{section.2.9}{\376\377\000C\000r\000i\000t\000\351\000r\000i\000o\000s\000\040\000d\000e\000\040\000A\000v\000a\000l\000i\000a\000\347\000\343\000o}{chapter.2}% 17
\BOOKMARK [1][-]{section.2.10}{\376\377\000R\000e\000s\000u\000m\000o\000\040\000d\000o\000s\000\040\000T\000r\000a\000b\000a\000l\000h\000o\000s\000\040\000R\000e\000l\000a\000c\000i\000o\000n\000a\000d\000o\000s}{chapter.2}% 18
\BOOKMARK [0][-]{chapter.3}{\376\377\000A\000b\000o\000r\000d\000a\000g\000e\000m\000\040\000P\000r\000o\000p\000o\000s\000t\000a}{}% 19
\BOOKMARK [1][-]{section.3.1}{\376\377\000C\000o\000n\000s\000t\000r\000u\000\347\000\343\000o\000\040\000d\000o\000s\000\040\000C\000o\000n\000j\000u\000n\000t\000o\000s\000\040\000d\000e\000\040\000D\000a\000d\000o\000s}{chapter.3}% 20
\BOOKMARK [2][-]{subsection.3.1.1}{\376\377\000E\000x\000t\000r\000a\000\347\000\343\000o\000\040\000d\000e\000\040\000A\000t\000r\000i\000b\000u\000t\000o\000s}{section.3.1}% 21
\BOOKMARK [2][-]{subsection.3.1.2}{\376\377\000G\000e\000r\000a\000\347\000\343\000o\000\040\000d\000e\000\040\000V\000a\000r\000i\000\341\000v\000e\000i\000s}{section.3.1}% 22
\BOOKMARK [1][-]{section.3.2}{\376\377\000S\000e\000l\000e\000\347\000\343\000o\000\040\000d\000e\000\040\000V\000a\000r\000i\000\341\000v\000e\000i\000s}{chapter.3}% 23
\BOOKMARK [1][-]{section.3.3}{\376\377\000M\000\341\000q\000u\000i\000n\000a\000\040\000d\000e\000\040\000P\000r\000e\000v\000i\000s\000\343\000o}{chapter.3}% 24
\BOOKMARK [1][-]{section.3.4}{\376\377\000R\000e\000c\000o\000m\000e\000n\000d\000a\000\347\000\343\000o\000\040\000d\000e\000\040\000I\000n\000v\000e\000s\000t\000i\000m\000e\000n\000t\000o}{chapter.3}% 25
\BOOKMARK [0][-]{chapter.4}{\376\377\000E\000x\000p\000e\000r\000i\000m\000e\000n\000t\000o\000s\000\040\000C\000o\000m\000p\000u\000t\000a\000c\000i\000o\000n\000a\000i\000s}{}% 26
\BOOKMARK [1][-]{section.4.1}{\376\377\000C\000o\000n\000j\000u\000n\000t\000o\000\040\000d\000e\000\040\000D\000a\000d\000o\000s}{chapter.4}% 27
\BOOKMARK [2][-]{subsection.4.1.1}{\376\377\000P\000T\000R\0003\000\040\000-\000\040\0003\0000\000\040\000M\000i\000n\000u\000t\000o\000s}{section.4.1}% 28
\BOOKMARK [2][-]{subsection.4.1.2}{\376\377\000P\000T\000R\0003\000\040\000-\000\040\0006\0000\000\040\000M\000i\000n\000u\000t\000o\000s}{section.4.1}% 29
\BOOKMARK [2][-]{subsection.4.1.3}{\376\377\000W\000I\000N\000F\000U\000T\000\040\000-\000\040\0003\0000\000\040\000M\000i\000n\000u\000t\000o\000s}{section.4.1}% 30
\BOOKMARK [2][-]{subsection.4.1.4}{\376\377\000W\000I\000N\000F\000U\000T\000\040\000-\000\040\0006\0000\000\040\000M\000i\000n\000u\000t\000o\000s}{section.4.1}% 31
\BOOKMARK [2][-]{subsection.4.1.5}{\376\377\000W\000D\000O\000F\000U\000T\000\040\000-\000\040\0003\0000\000\040\000M\000i\000n\000u\000t\000o\000s}{section.4.1}% 32
\BOOKMARK [2][-]{subsection.4.1.6}{\376\377\000W\000D\000O\000F\000U\000T\000\040\000-\000\040\0006\0000\000\040\000M\000i\000n\000u\000t\000o\000s}{section.4.1}% 33
\BOOKMARK [1][-]{section.4.2}{\376\377\000M\000o\000d\000e\000l\000o\000s\000\040\000e\000\040\000P\000a\000r\000\342\000m\000e\000t\000r\000o\000s}{chapter.4}% 34
\BOOKMARK [2][-]{subsection.4.2.1}{\376\377\000P\000T\000R\0003}{section.4.2}% 35
\BOOKMARK [2][-]{subsection.4.2.2}{\376\377\000W\000I\000N\000F\000U\000T}{section.4.2}% 36
\BOOKMARK [2][-]{subsection.4.2.3}{\376\377\000W\000D\000O\000F\000U\000T}{section.4.2}% 37
\BOOKMARK [1][-]{section.4.3}{\376\377\000E\000x\000p\000e\000r\000i\000m\000e\000n\000t\000o\000s\000\040\000e\000\040\000M\000\351\000t\000r\000i\000c\000a\000s}{chapter.4}% 38
\BOOKMARK [1][-]{section.4.4}{\376\377\000R\000e\000s\000u\000l\000t\000a\000d\000o\000s\000\040\000E\000x\000p\000e\000r\000i\000m\000e\000n\000t\000a\000i\000s}{chapter.4}% 39
\BOOKMARK [2][-]{subsection.4.4.1}{\376\377\000P\000T\000R\0003}{section.4.4}% 40
\BOOKMARK [2][-]{subsection.4.4.2}{\376\377\000W\000I\000N\000F\000U\000T}{section.4.4}% 41
\BOOKMARK [2][-]{subsection.4.4.3}{\376\377\000W\000D\000O\000F\000U\000T}{section.4.4}% 42
\BOOKMARK [0][-]{chapter.5}{\376\377\000C\000o\000n\000c\000l\000u\000s\000\343\000o}{}% 43
