This is pdfTeX, Version 3.141592653-2.6-1.40.22 (TeX Live 2022/dev/Debian) (preloaded format=pdflatex 2023.6.20)  20 JUN 2023 19:59
entering extended mode
 restricted \write18 enabled.
 file:line:error style messages enabled.
 %&-line parsing enabled.
**/home/souza/Desktop/Projects/TCC/text/main.tex
(/home/souza/Desktop/Projects/TCC/text/main.tex
LaTeX2e <2021-11-15> patch level 1
L3 programming layer <2022-01-21> (/usr/share/texlive/texmf-dist/tex/latex/base/book.cls
Document Class: book 2021/10/04 v1.4n Standard LaTeX document class
(/usr/share/texlive/texmf-dist/tex/latex/base/bk10.clo
File: bk10.clo 2021/10/04 v1.4n Standard LaTeX file (size option)
)
\c@part=\count185
\c@chapter=\count186
\c@section=\count187
\c@subsection=\count188
\c@subsubsection=\count189
\c@paragraph=\count190
\c@subparagraph=\count191
\c@figure=\count192
\c@table=\count193
\abovecaptionskip=\skip47
\belowcaptionskip=\skip48
\bibindent=\dimen138
) (./imports.tex (/usr/share/texlive/texmf-dist/tex/generic/babel/babel.sty
Package: babel 2022/01/26 3.70 The Babel package
\babel@savecnt=\count194
\U@D=\dimen139
\l@unhyphenated=\language87
 (/usr/share/texlive/texmf-dist/tex/generic/babel/txtbabel.def)
\bbl@readstream=\read2
\bbl@dirlevel=\count195
 (/usr/share/texlive/texmf-dist/tex/generic/babel-english/english.ldf
Language: english 2017/06/06 v3.3r English support from the babel system
Package babel Info: Hyphen rules for 'canadian' set to \l@english
(babel)             (\language0). Reported on input line 102.
Package babel Info: Hyphen rules for 'australian' set to \l@ukenglish
(babel)             (\language38). Reported on input line 105.
Package babel Info: Hyphen rules for 'newzealand' set to \l@ukenglish
(babel)             (\language38). Reported on input line 108.
) (/usr/share/texlive/texmf-dist/tex/generic/babel-portuges/brazil.ldf
Language: portuges 2021/07/09 v1.2t Portuguese support from the babel system
Package babel Info: Hyphen rules for 'brazil' set to \l@portuguese
(babel)             (\language16). Reported on input line 111.
Package babel Info: Making " an active character on input line 143.
)) (/usr/share/texlive/texmf-dist/tex/latex/ae/ae.sty
Package: ae 2001/02/12 1.3 Almost European Computer Modern
 (/usr/share/texlive/texmf-dist/tex/latex/base/fontenc.sty
Package: fontenc 2021/04/29 v2.0v Standard LaTeX package
)) (/usr/share/texlive/texmf-dist/tex/latex/url/url.sty
\Urlmuskip=\muskip16
Package: url 2013/09/16  ver 3.4  Verb mode for urls, etc.
) (/usr/share/texlive/texmf-dist/tex/latex/base/fontenc.sty
Package: fontenc 2021/04/29 v2.0v Standard LaTeX package
LaTeX Font Info:    Trying to load font information for T1+aer on input line 112.
 (/usr/share/texlive/texmf-dist/tex/latex/ae/t1aer.fd
File: t1aer.fd 1997/11/16 Font definitions for T1/aer.
)) (/usr/share/texlive/texmf-dist/tex/latex/setspace/setspace.sty
Package: setspace 2011/12/19 v6.7a set line spacing
) (/usr/share/texlive/texmf-dist/tex/latex/titlesec/titlesec.sty
Package: titlesec 2021/07/05 v2.14 Sectioning titles
\ttl@box=\box50
\beforetitleunit=\skip49
\aftertitleunit=\skip50
\ttl@plus=\dimen140
\ttl@minus=\dimen141
\ttl@toksa=\toks16
\titlewidth=\dimen142
\titlewidthlast=\dimen143
\titlewidthfirst=\dimen144
 (/usr/share/texlive/texmf-dist/tex/latex/titlesec/titleps.sty)) (/usr/share/texlive/texmf-dist/tex/latex/fancybox/fancybox.sty
Package: fancybox 2010/05/15 1.4

Style option: `fancybox' v1.4 <2010/05/15> (tvz)
\@fancybox=\box51
\shadowsize=\dimen145
\@Sbox=\box52
\do@VerbBox=\toks17
\the@fancyput=\toks18
\this@fancyput=\toks19
\EndVerbatimTokens=\toks20
\Verbatim@Outfile=\write3
\Verbatim@Infile=\read3
) (/usr/share/texlive/texmf-dist/tex/latex/fancyhdr/fancyhdr.sty
Package: fancyhdr 2021/01/28 v4.0.1 Extensive control of page headers and footers
\f@nch@headwidth=\skip51
\f@nch@O@elh=\skip52
\f@nch@O@erh=\skip53
\f@nch@O@olh=\skip54
\f@nch@O@orh=\skip55
\f@nch@O@elf=\skip56
\f@nch@O@erf=\skip57
\f@nch@O@olf=\skip58
\f@nch@O@orf=\skip59
) (/usr/share/texlive/texmf-dist/tex/latex/tools/verbatim.sty
Package: verbatim 2020-07-07 v1.5u LaTeX2e package for verbatim enhancements
\every@verbatim=\toks21
\verbatim@line=\toks22
\verbatim@in@stream=\read4
) (/usr/share/texlive/texmf-dist/tex/latex/tools/indentfirst.sty
Package: indentfirst 1995/11/23 v1.03 Indent first paragraph (DPC)
) (/usr/share/texlive/texmf-dist/tex/latex/hyperref/hyperref.sty
Package: hyperref 2021-06-07 v7.00m Hypertext links for LaTeX
 (/usr/share/texlive/texmf-dist/tex/generic/ltxcmds/ltxcmds.sty
Package: ltxcmds 2020-05-10 v1.25 LaTeX kernel commands for general use (HO)
) (/usr/share/texlive/texmf-dist/tex/generic/iftex/iftex.sty
Package: iftex 2020/03/06 v1.0d TeX engine tests
) (/usr/share/texlive/texmf-dist/tex/generic/pdftexcmds/pdftexcmds.sty
Package: pdftexcmds 2020-06-27 v0.33 Utility functions of pdfTeX for LuaTeX (HO)
 (/usr/share/texlive/texmf-dist/tex/generic/infwarerr/infwarerr.sty
Package: infwarerr 2019/12/03 v1.5 Providing info/warning/error messages (HO)
)
Package pdftexcmds Info: \pdf@primitive is available.
Package pdftexcmds Info: \pdf@ifprimitive is available.
Package pdftexcmds Info: \pdfdraftmode found.
) (/usr/share/texlive/texmf-dist/tex/latex/graphics/keyval.sty
Package: keyval 2014/10/28 v1.15 key=value parser (DPC)
\KV@toks@=\toks23
) (/usr/share/texlive/texmf-dist/tex/generic/kvsetkeys/kvsetkeys.sty
Package: kvsetkeys 2019/12/15 v1.18 Key value parser (HO)
) (/usr/share/texlive/texmf-dist/tex/generic/kvdefinekeys/kvdefinekeys.sty
Package: kvdefinekeys 2019-12-19 v1.6 Define keys (HO)
) (/usr/share/texlive/texmf-dist/tex/generic/pdfescape/pdfescape.sty
Package: pdfescape 2019/12/09 v1.15 Implements pdfTeX's escape features (HO)
) (/usr/share/texlive/texmf-dist/tex/latex/hycolor/hycolor.sty
Package: hycolor 2020-01-27 v1.10 Color options for hyperref/bookmark (HO)
) (/usr/share/texlive/texmf-dist/tex/latex/letltxmacro/letltxmacro.sty
Package: letltxmacro 2019/12/03 v1.6 Let assignment for LaTeX macros (HO)
) (/usr/share/texlive/texmf-dist/tex/latex/auxhook/auxhook.sty
Package: auxhook 2019-12-17 v1.6 Hooks for auxiliary files (HO)
) (/usr/share/texlive/texmf-dist/tex/latex/kvoptions/kvoptions.sty
Package: kvoptions 2020-10-07 v3.14 Key value format for package options (HO)
)
\@linkdim=\dimen146
\Hy@linkcounter=\count196
\Hy@pagecounter=\count197
 (/usr/share/texlive/texmf-dist/tex/latex/hyperref/pd1enc.def
File: pd1enc.def 2021-06-07 v7.00m Hyperref: PDFDocEncoding definition (HO)
Now handling font encoding PD1 ...
... no UTF-8 mapping file for font encoding PD1
) (/usr/share/texlive/texmf-dist/tex/latex/hyperref/hyperref-langpatches.def
File: hyperref-langpatches.def 2021-06-07 v7.00m Hyperref: patches for babel languages
) (/usr/share/texlive/texmf-dist/tex/generic/intcalc/intcalc.sty
Package: intcalc 2019/12/15 v1.3 Expandable calculations with integers (HO)
) (/usr/share/texlive/texmf-dist/tex/generic/etexcmds/etexcmds.sty
Package: etexcmds 2019/12/15 v1.7 Avoid name clashes with e-TeX commands (HO)
)
\Hy@SavedSpaceFactor=\count198
 (/usr/share/texlive/texmf-dist/tex/latex/hyperref/puenc.def
File: puenc.def 2021-06-07 v7.00m Hyperref: PDF Unicode definition (HO)
Now handling font encoding PU ...
... no UTF-8 mapping file for font encoding PU
)
Package hyperref Info: Hyper figures OFF on input line 4192.
Package hyperref Info: Link nesting OFF on input line 4197.
Package hyperref Info: Hyper index ON on input line 4200.
Package hyperref Info: Plain pages OFF on input line 4207.
Package hyperref Info: Backreferencing OFF on input line 4212.
Package hyperref Info: Implicit mode ON; LaTeX internals redefined.
Package hyperref Info: Bookmarks ON on input line 4445.
\c@Hy@tempcnt=\count199
LaTeX Info: Redefining \url on input line 4804.
\XeTeXLinkMargin=\dimen147
 (/usr/share/texlive/texmf-dist/tex/generic/bitset/bitset.sty
Package: bitset 2019/12/09 v1.3 Handle bit-vector datatype (HO)
 (/usr/share/texlive/texmf-dist/tex/generic/bigintcalc/bigintcalc.sty
Package: bigintcalc 2019/12/15 v1.5 Expandable calculations on big integers (HO)
))
\Fld@menulength=\count266
\Field@Width=\dimen148
\Fld@charsize=\dimen149
Package hyperref Info: Hyper figures OFF on input line 6076.
Package hyperref Info: Link nesting OFF on input line 6081.
Package hyperref Info: Hyper index ON on input line 6084.
Package hyperref Info: backreferencing OFF on input line 6091.
Package hyperref Info: Link coloring OFF on input line 6096.
Package hyperref Info: Link coloring with OCG OFF on input line 6101.
Package hyperref Info: PDF/A mode OFF on input line 6106.
LaTeX Info: Redefining \ref on input line 6146.
LaTeX Info: Redefining \pageref on input line 6150.
 (/usr/share/texlive/texmf-dist/tex/latex/base/atbegshi-ltx.sty
Package: atbegshi-ltx 2021/01/10 v1.0c Emulation of the original atbegshi
package with kernel methods
)
\Hy@abspage=\count267
\c@Item=\count268
\c@Hfootnote=\count269
)
Package hyperref Info: Driver (autodetected): hpdftex.
 (/usr/share/texlive/texmf-dist/tex/latex/hyperref/hpdftex.def
File: hpdftex.def 2021-06-07 v7.00m Hyperref driver for pdfTeX
 (/usr/share/texlive/texmf-dist/tex/latex/base/atveryend-ltx.sty
Package: atveryend-ltx 2020/08/19 v1.0a Emulation of the original atveryend package
with kernel methods
)
\Fld@listcount=\count270
\c@bookmark@seq@number=\count271
 (/usr/share/texlive/texmf-dist/tex/latex/rerunfilecheck/rerunfilecheck.sty
Package: rerunfilecheck 2019/12/05 v1.9 Rerun checks for auxiliary files (HO)
 (/usr/share/texlive/texmf-dist/tex/generic/uniquecounter/uniquecounter.sty
Package: uniquecounter 2019/12/15 v1.4 Provide unlimited unique counter (HO)
)
Package uniquecounter Info: New unique counter `rerunfilecheck' on input line 286.
)
\Hy@SectionHShift=\skip60
) (/usr/share/texlive/texmf-dist/tex/latex/graphics/color.sty
Package: color 2021/12/07 v1.3c Standard LaTeX Color (DPC)
 (/usr/share/texlive/texmf-dist/tex/latex/graphics-cfg/color.cfg
File: color.cfg 2016/01/02 v1.6 sample color configuration
)
Package color Info: Driver file: pdftex.def on input line 149.
 (/usr/share/texlive/texmf-dist/tex/latex/graphics-def/pdftex.def
File: pdftex.def 2020/10/05 v1.2a Graphics/color driver for pdftex
)) (/usr/share/texlive/texmf-dist/tex/latex/colortbl/colortbl.sty
Package: colortbl 2020/01/04 v1.0e Color table columns (DPC)
 (/usr/share/texlive/texmf-dist/tex/latex/tools/array.sty
Package: array 2021/10/04 v2.5f Tabular extension package (FMi)
\col@sep=\dimen150
\ar@mcellbox=\box53
\extrarowheight=\dimen151
\NC@list=\toks24
\extratabsurround=\skip61
\backup@length=\skip62
\ar@cellbox=\box54
)
\everycr=\toks25
\minrowclearance=\skip63
) (/usr/share/texlive/texmf-dist/tex/latex/amsmath/amsmath.sty
Package: amsmath 2021/10/15 v2.17l AMS math features
\@mathmargin=\skip64

For additional information on amsmath, use the `?' option.
(/usr/share/texlive/texmf-dist/tex/latex/amsmath/amstext.sty
Package: amstext 2021/08/26 v2.01 AMS text
 (/usr/share/texlive/texmf-dist/tex/latex/amsmath/amsgen.sty
File: amsgen.sty 1999/11/30 v2.0 generic functions
\@emptytoks=\toks26
\ex@=\dimen152
)) (/usr/share/texlive/texmf-dist/tex/latex/amsmath/amsbsy.sty
Package: amsbsy 1999/11/29 v1.2d Bold Symbols
\pmbraise@=\dimen153
) (/usr/share/texlive/texmf-dist/tex/latex/amsmath/amsopn.sty
Package: amsopn 2021/08/26 v2.02 operator names
)
\inf@bad=\count272
LaTeX Info: Redefining \frac on input line 234.
\uproot@=\count273
\leftroot@=\count274
LaTeX Info: Redefining \overline on input line 399.
\classnum@=\count275
\DOTSCASE@=\count276
LaTeX Info: Redefining \ldots on input line 496.
LaTeX Info: Redefining \dots on input line 499.
LaTeX Info: Redefining \cdots on input line 620.
\Mathstrutbox@=\box55
\strutbox@=\box56
\big@size=\dimen154
LaTeX Font Info:    Redeclaring font encoding OML on input line 743.
LaTeX Font Info:    Redeclaring font encoding OMS on input line 744.
\macc@depth=\count277
\c@MaxMatrixCols=\count278
\dotsspace@=\muskip17
\c@parentequation=\count279
\dspbrk@lvl=\count280
\tag@help=\toks27
\row@=\count281
\column@=\count282
\maxfields@=\count283
\andhelp@=\toks28
\eqnshift@=\dimen155
\alignsep@=\dimen156
\tagshift@=\dimen157
\tagwidth@=\dimen158
\totwidth@=\dimen159
\lineht@=\dimen160
\@envbody=\toks29
\multlinegap=\skip65
\multlinetaggap=\skip66
\mathdisplay@stack=\toks30
LaTeX Info: Redefining \[ on input line 2938.
LaTeX Info: Redefining \] on input line 2939.
) (/usr/share/texlive/texmf-dist/tex/latex/amsfonts/amssymb.sty
Package: amssymb 2013/01/14 v3.01 AMS font symbols
 (/usr/share/texlive/texmf-dist/tex/latex/amsfonts/amsfonts.sty
Package: amsfonts 2013/01/14 v3.01 Basic AMSFonts support
\symAMSa=\mathgroup4
\symAMSb=\mathgroup5
LaTeX Font Info:    Redeclaring math symbol \hbar on input line 98.
LaTeX Font Info:    Overwriting math alphabet `\mathfrak' in version `bold'
(Font)                  U/euf/m/n --> U/euf/b/n on input line 106.
)) (/usr/share/texlive/texmf-dist/tex/latex/geometry/geometry.sty
Package: geometry 2020/01/02 v5.9 Page Geometry
 (/usr/share/texlive/texmf-dist/tex/generic/iftex/ifvtex.sty
Package: ifvtex 2019/10/25 v1.7 ifvtex legacy package. Use iftex instead.
)
\Gm@cnth=\count284
\Gm@cntv=\count285
\c@Gm@tempcnt=\count286
\Gm@bindingoffset=\dimen161
\Gm@wd@mp=\dimen162
\Gm@odd@mp=\dimen163
\Gm@even@mp=\dimen164
\Gm@layoutwidth=\dimen165
\Gm@layoutheight=\dimen166
\Gm@layouthoffset=\dimen167
\Gm@layoutvoffset=\dimen168
\Gm@dimlist=\toks31
) (/usr/share/texlive/texmf-dist/tex/latex/acro/acro.sty (/usr/share/texlive/texmf-dist/tex/latex/l3packages/l3keys2e/l3keys2e.sty (/usr/share/texlive/texmf-dist/tex/latex/l3kernel/expl3.sty
Package: expl3 2022-01-21 L3 programming layer (loader) 
 (/usr/share/texlive/texmf-dist/tex/latex/l3backend/l3backend-pdftex.def
File: l3backend-pdftex.def 2022-01-12 L3 backend support: PDF output (pdfTeX)
\l__color_backend_stack_int=\count287
\l__pdf_internal_box=\box57
))
Package: l3keys2e 2022-01-12 LaTeX2e option processing using LaTeX3 keys
)
Package: acro 2022/01/27 v3.7 typeset acronyms and other abbreviations (CN)
\g__acro_version_int=\count288
\l__acro_tmpa_int=\count289
\l__acro_tmpb_int=\count290
\l__acro_tmpc_int=\count291
\l__acro_tmpd_int=\count292
Loading module `base' ...
Loading module `interface' ...
Loading module `aux' ...
Loading module `properties' ...
Loading module `acronyms' ...
Loading module `formatting' ...
Loading module `ppfixes' ...
Loading module `tools' ...
\l__acro_minimal_usage_int=\count293
\l__acro_nest_int=\count294
\g_acro_barrier_int=\count295
\g_acro_barrier_total_int=\count296
Loading module `commands' ...
Loading module `templates' ...
Loading module `list' ...
Loading module `pages' ...
\l__acro_pages_seq_threshold_int=\count297
Loading module `locale' ...
 (/usr/share/texlive/texmf-dist/tex/latex/translations/translations.sty
Package: translations 2022/01/04 v1.11 internationalization of LaTeX2e packages (CN)
 (/usr/share/texlive/texmf-dist/tex/latex/etoolbox/etoolbox.sty
Package: etoolbox 2020/10/05 v2.5k e-TeX tools for LaTeX (JAW)
\etb@tempcnta=\count298
))
Loading module `pdfsupport' ...
Loading module `patch' ...
Loading module `definitions' ...
Loading module `upgrade' ...
) (/usr/share/texlive/texmf-dist/tex/latex/multirow/multirow.sty
Package: multirow 2021/03/15 v2.8 Span multiple rows of a table
\multirow@colwidth=\skip67
\multirow@cntb=\count299
\multirow@dima=\skip68
\bigstrutjot=\dimen169
) (/usr/share/texlive/texmf-dist/tex/latex/tools/longtable.sty
Package: longtable 2021-09-01 v4.17 Multi-page Table package (DPC)
\LTleft=\skip69
\LTright=\skip70
\LTpre=\skip71
\LTpost=\skip72
\LTchunksize=\count300
\LTcapwidth=\dimen170
\LT@head=\box58
\LT@firsthead=\box59
\LT@foot=\box60
\LT@lastfoot=\box61
\LT@gbox=\box62
\LT@cols=\count301
\LT@rows=\count302
\c@LT@tables=\count303
\c@LT@chunks=\count304
\LT@p@ftn=\toks32
) (/usr/share/texlive/texmf-dist/tex/latex/xcolor/xcolor.sty
Package: xcolor 2021/10/31 v2.13 LaTeX color extensions (UK)
 (/usr/share/texlive/texmf-dist/tex/latex/graphics-cfg/color.cfg
File: color.cfg 2016/01/02 v1.6 sample color configuration
)
Package xcolor Info: Driver file: pdftex.def on input line 227.
LaTeX Info: Redefining \color on input line 711.
\rownum=\count305
Package xcolor Info: Model `cmy' substituted by `cmy0' on input line 1352.
Package xcolor Info: Model `hsb' substituted by `rgb' on input line 1356.
Package xcolor Info: Model `RGB' extended on input line 1368.
Package xcolor Info: Model `HTML' substituted by `rgb' on input line 1370.
Package xcolor Info: Model `Hsb' substituted by `hsb' on input line 1371.
Package xcolor Info: Model `tHsb' substituted by `hsb' on input line 1372.
Package xcolor Info: Model `HSB' substituted by `hsb' on input line 1373.
Package xcolor Info: Model `Gray' substituted by `gray' on input line 1374.
Package xcolor Info: Model `wave' substituted by `hsb' on input line 1375.
) (./cap.sty) (./cefet.sty
Package: cefet 
 (/usr/share/texlive/texmf-dist/tex/latex/base/ifthen.sty
Package: ifthen 2020/11/24 v1.1c Standard LaTeX ifthen package (DPC)
)
\tempMargemSuperior=\skip73
\tempMargemInferior=\skip74
\tempMargemEsquerda=\skip75
\tempMargemDireita=\skip76
\MargemSuperior=\skip77
\MargemInferior=\skip78
\MargemEsquerda=\skip79
\MargemDireita=\skip80
) (./abntex2cite.sty (/usr/share/texlive/texmf-dist/tex/latex/tools/calc.sty
Package: calc 2017/05/25 v4.3 Infix arithmetic (KKT,FJ)
\calc@Acount=\count306
\calc@Bcount=\count307
\calc@Adimen=\dimen171
\calc@Bdimen=\dimen172
\calc@Askip=\skip81
\calc@Bskip=\skip82
LaTeX Info: Redefining \setlength on input line 80.
LaTeX Info: Redefining \addtolength on input line 81.
\calc@Ccount=\count308
\calc@Cskip=\skip83
) (/usr/share/texlive/texmf-dist/tex/latex/abntex2/abntex2abrev.sty)
\minimumbiblabelwidth=\skip84
\ABCIauxlen=\skip85
\c@ABCIaux=\count309
\c@ABCImax=\count310
 (/usr/share/texlive/texmf-dist/tex/latex/relsize/relsize.sty
Package: relsize 2013/03/29 ver 4.1
)
\biblabelsep=\skip86
LaTeX Info: Redefining \newblock on input line 646.
LaTeX Info: Redefining \cite on input line 673.
\ABCItoken=\toks33
) (/usr/share/texlive/texmf-dist/tex/latex/caption/subcaption.sty
Package: subcaption 2020/10/07 v1.3j Sub-captions (AR)
 (/usr/share/texlive/texmf-dist/tex/latex/caption/caption.sty
Package: caption 2020/10/26 v3.5g Customizing captions (AR)
 (/usr/share/texlive/texmf-dist/tex/latex/caption/caption3.sty
Package: caption3 2020/10/21 v2.2e caption3 kernel (AR)
\captionmargin=\dimen173
\captionmargin@=\dimen174
\captionwidth=\dimen175
\caption@tempdima=\dimen176
\caption@indent=\dimen177
\caption@parindent=\dimen178
\caption@hangindent=\dimen179
Package caption Info: Standard document class detected.
)
\c@caption@flags=\count311
\c@continuedfloat=\count312
Package caption Info: hyperref package is loaded.
Package caption Info: longtable package is loaded.
 (/usr/share/texlive/texmf-dist/tex/latex/caption/ltcaption.sty
Package: ltcaption 2020/05/30 v1.4b longtable captions (AR)
))
\c@subfigure=\count313
\c@subtable=\count314
) (/usr/share/texlive/texmf-dist/tex/latex/graphics/graphicx.sty
Package: graphicx 2021/09/16 v1.2d Enhanced LaTeX Graphics (DPC,SPQR)
 (/usr/share/texlive/texmf-dist/tex/latex/graphics/graphics.sty
Package: graphics 2021/03/04 v1.4d Standard LaTeX Graphics (DPC,SPQR)
 (/usr/share/texlive/texmf-dist/tex/latex/graphics/trig.sty
Package: trig 2021/08/11 v1.11 sin cos tan (DPC)
) (/usr/share/texlive/texmf-dist/tex/latex/graphics-cfg/graphics.cfg
File: graphics.cfg 2016/06/04 v1.11 sample graphics configuration
)
Package graphics Info: Driver file: pdftex.def on input line 107.
)
\Gin@req@height=\dimen180
\Gin@req@width=\dimen181
)) (./sections/3-summary/abbr.tex
\g__acro_IA_int=\count315
\g__acro_ETFs_int=\count316
\g__acro_AT_int=\count317
\g__acro_AF_int=\count318
\g__acro_AQ_int=\count319
\g__acro_AS_int=\count320
\g__acro_O_int=\count321
\g__acro_H_int=\count322
\g__acro_L_int=\count323
\g__acro_C_int=\count324
\g__acro_OHLC_int=\count325
\g__acro_SMA_int=\count326
\g__acro_EMA_int=\count327
\g__acro_MACD_int=\count328
\g__acro_CCI_int=\count329
\g__acro_ADX_int=\count330
\g__acro_MTM_int=\count331
\g__acro_ROC_int=\count332
\g__acro_TSI_int=\count333
\g__acro_RSI_int=\count334
\g__acro_K_int=\count335
\g__acro_D_int=\count336
\g__acro_R¬≤_int=\count337
\g__acro_R_int=\count338
\g__acro_RF_int=\count339
\g__acro_ARIMA_int=\count340
\g__acro_SARIMA_int=\count341
\g__acro_GARCH_int=\count342
\g__acro_MLP_int=\count343
\g__acro_EGNN_int=\count344
\g__acro_LR_int=\count345
\g__acro_SVM_int=\count346
\g__acro_ELM_int=\count347
\g__acro_IHS_int=\count348
\g__acro_SVR_int=\count349
\g__acro_RBF_int=\count350
\g__acro_EMG_int=\count351
\g__acro_EOGS_int=\count352
\g__acro_FMCDM_int=\count353
\g__acro_DBN_int=\count354
\g__acro_TCN_int=\count355
\g__acro_CNN_int=\count356
\g__acro_RNN_int=\count357
\g__acro_DCFS_int=\count358
\g__acro_LSTM_int=\count359
\g__acro_DCDNN_int=\count360
\g__acro_ME_int=\count361
\g__acro_MAE_int=\count362
\g__acro_MSE_int=\count363
\g__acro_MAPE_int=\count364
\g__acro_R2_int=\count365
\g__acro_RMSE_int=\count366
\g__acro_P&L_int=\count367
\g__acro_EAR_int=\count368
\g__acro_ADC_int=\count369
\g__acro_MDC_int=\count370
\g__acro_AMC_int=\count371
\g__acro_DJIA_int=\count372
\g__acro_NLP_int=\count373
\g__acro_VP_int=\count374
\g__acro_RIM_int=\count375
\g__acro_KNN_int=\count376
\g__acro_NOC_int=\count377
\g__acro_TA_int=\count378
\g__acro_AC_int=\count379
\g__acro_PP_int=\count380
\g__acro_PN_int=\count381
\g__acro_F1_int=\count382
\g__acro_TP_int=\count383
\g__acro_TN_int=\count384
\g__acro_FP_int=\count385
\g__acro_FN_int=\count386
) (./main.aux)
\openout1 = `main.aux'.

LaTeX Font Info:    Checking defaults for OML/cmm/m/it on input line 6.
LaTeX Font Info:    ... okay on input line 6.
LaTeX Font Info:    Checking defaults for OMS/cmsy/m/n on input line 6.
LaTeX Font Info:    ... okay on input line 6.
LaTeX Font Info:    Checking defaults for OT1/cmr/m/n on input line 6.
LaTeX Font Info:    ... okay on input line 6.
LaTeX Font Info:    Checking defaults for T1/cmr/m/n on input line 6.
LaTeX Font Info:    ... okay on input line 6.
LaTeX Font Info:    Checking defaults for TS1/cmr/m/n on input line 6.
LaTeX Font Info:    ... okay on input line 6.
LaTeX Font Info:    Checking defaults for OMX/cmex/m/n on input line 6.
LaTeX Font Info:    ... okay on input line 6.
LaTeX Font Info:    Checking defaults for U/cmr/m/n on input line 6.
LaTeX Font Info:    ... okay on input line 6.
LaTeX Font Info:    Checking defaults for PD1/pdf/m/n on input line 6.
LaTeX Font Info:    ... okay on input line 6.
LaTeX Font Info:    Checking defaults for PU/pdf/m/n on input line 6.
LaTeX Font Info:    ... okay on input line 6.
Package hyperref Info: Link coloring OFF on input line 6.
 (/usr/share/texlive/texmf-dist/tex/latex/hyperref/nameref.sty
Package: nameref 2021-04-02 v2.47 Cross-referencing by name of section
 (/usr/share/texlive/texmf-dist/tex/latex/refcount/refcount.sty
Package: refcount 2019/12/15 v3.6 Data extraction from label references (HO)
) (/usr/share/texlive/texmf-dist/tex/generic/gettitlestring/gettitlestring.sty
Package: gettitlestring 2019/12/15 v1.6 Cleanup title references (HO)
)
\c@section@level=\count387
)
LaTeX Info: Redefining \ref on input line 6.
LaTeX Info: Redefining \pageref on input line 6.
LaTeX Info: Redefining \nameref on input line 6.
 (./main.out) (./main.out)
\@outlinefile=\write4
\openout4 = `main.out'.

 (/usr/share/texlive/texmf-dist/tex/context/base/mkii/supp-pdf.mkii
[Loading MPS to PDF converter (version 2006.09.02).]
\scratchcounter=\count388
\scratchdimen=\dimen182
\scratchbox=\box63
\nofMPsegments=\count389
\nofMParguments=\count390
\everyMPshowfont=\toks34
\MPscratchCnt=\count391
\MPscratchDim=\dimen183
\MPnumerator=\count392
\makeMPintoPDFobject=\count393
\everyMPtoPDFconversion=\toks35
) (/usr/share/texlive/texmf-dist/tex/latex/epstopdf-pkg/epstopdf-base.sty
Package: epstopdf-base 2020-01-24 v2.11 Base part for package epstopdf
Package epstopdf-base Info: Redefining graphics rule for `.eps' on input line 485.
 (/usr/share/texlive/texmf-dist/tex/latex/latexconfig/epstopdf-sys.cfg
File: epstopdf-sys.cfg 2010/07/13 v1.3 Configuration of (r)epstopdf for TeX Live
))
*geometry* driver: auto-detecting
*geometry* detected driver: pdftex
*geometry* verbose mode - [ preamble ] result:
* driver: pdftex
* paper: a4paper
* layout: <same size as paper>
* layoutoffset:(h,v)=(0.0pt,0.0pt)
* modes: twoside 
* h-part:(L,W,R)=(56.9055pt, 483.69687pt, 56.9055pt)
* v-part:(T,H,B)=(56.9055pt, 731.23584pt, 56.9055pt)
* \paperwidth=597.50787pt
* \paperheight=845.04684pt
* \textwidth=483.69687pt
* \textheight=731.23584pt
* \oddsidemargin=-15.36449pt
* \evensidemargin=-15.36449pt
* \topmargin=-45.43198pt
* \headheight=12.0pt
* \headsep=18.06749pt
* \topskip=10.0pt
* \footskip=25.29494pt
* \marginparwidth=115.0pt
* \marginparsep=7.0pt
* \columnsep=10.0pt
* \skip\footins=9.0pt plus 4.0pt minus 2.0pt
* \hoffset=0.0pt
* \voffset=0.0pt
* \mag=1000
* \@twocolumnfalse
* \@twosidetrue
* \@mparswitchtrue
* \@reversemarginfalse
* (1in=72.27pt=25.4mm, 1cm=28.453pt)

(/usr/share/texlive/texmf-dist/tex/latex/translations/translations-basic-dictionary-brazil.trsl
File: translations-basic-dictionary-brazil.trsl (brazil translation file `translations-basic-dictionary')
)
Package translations Info: loading dictionary `translations-basic-dictionary' for `brazil'. on input line 6.
 (/usr/share/texlive/texmf-dist/tex/latex/translations/translations-basic-dictionary-english.trsl
File: translations-basic-dictionary-english.trsl (english translation file `translations-basic-dictionary')
)
Package translations Info: loading dictionary `translations-basic-dictionary' for `english'. on input line 6.
Package caption Info: Begin \AtBeginDocument code.
Package caption Info: End \AtBeginDocument code.
 (./sections/header.tex)
LaTeX Font Info:    Trying to load font information for T1+aess on input line 9.
 (/usr/share/texlive/texmf-dist/tex/latex/ae/t1aess.fd
File: t1aess.fd 1997/11/16 Font definitions for T1/aess.
)
LaTeX Font Info:    Font shape `T1/aess/b/n' in size <14.4> not available
(Font)              Font shape `T1/aess/bx/n' tried instead on input line 9.
LaTeX Font Info:    Font shape `T1/aer/b/it' in size <13> not available
(Font)              Font shape `T1/aer/bx/it' tried instead on input line 9.
LaTeX Font Info:    Font shape `T1/aer/b/it' in size <12> not available
(Font)              Font shape `T1/aer/bx/it' tried instead on input line 9.
LaTeX Font Info:    Trying to load font information for U+msa on input line 9.
 (/usr/share/texlive/texmf-dist/tex/latex/amsfonts/umsa.fd
File: umsa.fd 2013/01/14 v3.01 AMS symbols A
)
LaTeX Font Info:    Trying to load font information for U+msb on input line 9.
 (/usr/share/texlive/texmf-dist/tex/latex/amsfonts/umsb.fd
File: umsb.fd 2013/01/14 v3.01 AMS symbols B
)
<sections/images//cefet.png, id=132, 285.7074pt x 181.6386pt>
File: sections/images//cefet.png Graphic file (type png)
<use sections/images//cefet.png>
Package pdftex.def Info: sections/images//cefet.png  used on input line 9.
(pdftex.def)             Requested size: 96.73788pt x 61.50131pt.
 [1

{/var/lib/texmf/fonts/map/pdftex/updmap/pdftex.map} <./sections/images//cefet.png>] [2


]
File: sections/images//cefet.png Graphic file (type png)
<use sections/images//cefet.png>
Package pdftex.def Info: sections/images//cefet.png  used on input line 10.
(pdftex.def)             Requested size: 96.73788pt x 61.50131pt.

Overfull \hbox (11.38092pt too wide) in paragraph at lines 10--10
[]  
 []

[3] [4


] (./sections/1-presentations/dedication.tex [5]) (./sections/1-presentations/acknowledgment.tex
LaTeX Font Info:    Font shape `T1/aess/b/n' in size <24.88> not available
(Font)              Font shape `T1/aess/bx/n' tried instead on input line 1.
 [6



]) (./sections/1-presentations/epigraph.tex
\CITNAME=\box64
 [7


]) (./sections/3-summary/summary.tex (./main.lof)
\tf@lof=\write5
\openout5 = `main.lof'.

 [8



] (./main.lot)
\tf@lot=\write6
\openout6 = `main.lot'.

 [9

]
LaTeX Info: Symbol \texttwosuperior not provided by
            font family aer in TS1 encoding.
            Default family used instead on input line 9.
LaTeX Info: Symbol \texttwosuperior not provided by
            font family aer in TS1 encoding.
            Default family used instead on input line 9.
 [10

] [11] (./main.toc)
\tf@toc=\write7
\openout7 = `main.toc'.

) (./sections/4-content/1-Introduction.texpdfTeX warning (ext4): destination with the same identifier (name{page.1}) has been already used, duplicate ignored
<to be read again> 
                   \relax 
l.1 \chapter
            {Introdu√ß√£o} [1

]
Cap\'{\i }tulo 1.
LaTeX Font Info:    Font shape `T1/aess/b/n' in size <12> not available
(Font)              Font shape `T1/aess/bx/n' tried instead on input line 1.
LaTeX Font Info:    Font shape `T1/aess/b/n' in size <30> not available
(Font)              Font shape `T1/aess/bx/n' tried instead on input line 1.

Overfull \hbox (12.79999pt too wide) in paragraph at lines 1--1
[]  
 []


Overfull \hbox (12.79999pt too wide) in paragraph at lines 1--1
[]  
 []

LaTeX Font Info:    Font shape `T1/aess/b/n' in size <10> not available
(Font)              Font shape `T1/aess/bx/n' tried instead on input line 6.
pdfTeX warning (ext4): destination with the same identifier (name{page.2}) has been already used, duplicate ignored
<to be read again> 
                   \relax 
l.21 
      [2

]
LaTeX Font Info:    Trying to load font information for TS1+aer on input line 24.
LaTeX Font Info:    No file TS1aer.fd. on input line 24.


LaTeX Font Warning: Font shape `TS1/aer/m/n' undefined
(Font)              using `TS1/cmr/m/n' instead
(Font)              for symbol `textbullet' on input line 24.

pdfTeX warning (ext4): destination with the same identifier (name{page.3}) has been already used, duplicate ignored
<to be read again> 
                   \relax 
l.35 
      [3]
<sections/images//InvestingActionXP.png, id=425, 843.15pt x 492.84125pt>
File: sections/images//InvestingActionXP.png Graphic file (type png)
<use sections/images//InvestingActionXP.png>
Package pdftex.def Info: sections/images//InvestingActionXP.png  used on input line 39.
(pdftex.def)             Requested size: 386.95897pt x 226.19083pt.
<sections/images//PessoasActionsXP.png, id=435, 719.68875pt x 496.85625pt>
File: sections/images//PessoasActionsXP.png Graphic file (type png)
<use sections/images//PessoasActionsXP.png>
Package pdftex.def Info: sections/images//PessoasActionsXP.png  used on input line 52.
(pdftex.def)             Requested size: 232.17242pt x 160.28607pt.
<sections/images//ValorActionXP.png, id=436, 538.01pt x 408.52625pt>
File: sections/images//ValorActionXP.png Graphic file (type png)
<use sections/images//ValorActionXP.png>
Package pdftex.def Info: sections/images//ValorActionXP.png  used on input line 59.
(pdftex.def)             Requested size: 232.17242pt x 176.29245pt.
pdfTeX warning (ext4): destination with the same identifier (name{page.4}) has been already used, duplicate ignored
<to be read again> 
                   \relax 
l.74 C
      om o avan√ßo da tecnologia e o crescente interesse dos investidores in... [4 <./sections/images//InvestingActionXP.png>]pdfTeX warning (ext4): destination with the same identifier (name{page.5}) has been already used, duplicate ignored
<to be read again> 
                   \relax 
l.98 \newpage
              [5 <./sections/images//PessoasActionsXP.png> <./sections/images//ValorActionXP.png>]) (./sections/4-content/3-related_works.tex
Cap\'{\i }tulo 2.

Overfull \hbox (12.79999pt too wide) in paragraph at lines 1--1
[]  
 []


Overfull \hbox (12.79999pt too wide) in paragraph at lines 1--1
[]  
 []

<sections/images//tendencias.png, id=489, 1047.915pt x 333.245pt>
File: sections/images//tendencias.png Graphic file (type png)
<use sections/images//tendencias.png>
Package pdftex.def Info: sections/images//tendencias.png  used on input line 13.
(pdftex.def)             Requested size: 435.32422pt x 138.43646pt.
pdfTeX warning (ext4): destination with the same identifier (name{page.6}) has been already used, duplicate ignored
<to be read again> 
                   \relax 
l.18 
      [6

 <./sections/images//tendencias.png>]
<sections/images/ciclos.jpg, id=501, 248.42813pt x 133.24782pt>
File: sections/images/ciclos.jpg Graphic file (type jpg)
<use sections/images/ciclos.jpg>
Package pdftex.def Info: sections/images/ciclos.jpg  used on input line 27.
(pdftex.def)             Requested size: 220.28154pt x 99.58792pt.
<sections/images/sazonais.jpg, id=502, 331.2375pt x 167.12437pt>
File: sections/images/sazonais.jpg Graphic file (type jpg)
<use sections/images/sazonais.jpg>
Package pdftex.def Info: sections/images/sazonais.jpg  used on input line 34.
(pdftex.def)             Requested size: 237.03517pt x 99.58685pt.
<sections/images//grafico_velas.png, id=513, 369.38pt x 363.3575pt>
File: sections/images//grafico_velas.png Graphic file (type png)
<use sections/images//grafico_velas.png>
Package pdftex.def Info: sections/images//grafico_velas.png  used on input line 55.
(pdftex.def)             Requested size: 232.16954pt x 108.12099pt.
<sections/images//candlestick.png, id=514, 503.8825pt x 241.90375pt>
File: sections/images//candlestick.png Graphic file (type png)
<use sections/images//candlestick.png>
Package pdftex.def Info: sections/images//candlestick.png  used on input line 62.
(pdftex.def)             Requested size: 232.17319pt x 108.12114pt.
pdfTeX warning (ext4): destination with the same identifier (name{page.7}) has been already used, duplicate ignored
<to be read again> 
                   \relax 
l.70 
      [7 <./sections/images/ciclos.jpg> <./sections/images/sazonais.jpg>]
<sections/images/fluxo_abordagem.png, id=536, 523.9575pt x 197.83913pt>
File: sections/images/fluxo_abordagem.png Graphic file (type png)
<use sections/images/fluxo_abordagem.png>
Package pdftex.def Info: sections/images/fluxo_abordagem.png  used on input line 78.
(pdftex.def)             Requested size: 435.32422pt x 164.37547pt.
pdfTeX warning (ext4): destination with the same identifier (name{page.8}) has been already used, duplicate ignored
<to be read again> 
                   \relax 
l.83 
      [8 <./sections/images//grafico_velas.png> <./sections/images//candlestick.png> <./sections/images/fluxo_abordagem.png>]pdfTeX warning (ext4): destination with the same identifier (name{page.9}) has been already used, duplicate ignored
<to be read again> 
                   \relax 
l.106     \item \ac
                   {SMA} - √© um modelo matem√°tico utilizado para suavizar ... [9]pdfTeX warning (ext4): destination with the same identifier (name{page.10}) has been already used, duplicate ignored
<to be read again> 
                   \relax 
l.149     \begin{equation}
                           [10]pdfTeX warning (ext4): destination with the same identifier (name{page.11}) has been already used, duplicate ignored
<to be read again> 
                   \relax 
l.188     \item  \textit
                        {Gini} - implementado por \citeonline{ji2022adaptive... [11]
LaTeX Info: Symbol \texttwosuperior not provided by
            font family aer in TS1 encoding.
            Default family used instead on input line 190.
LaTeX Info: Symbol \texttwosuperior not provided by
            font family aer in TS1 encoding.
            Default family used instead on input line 190.
 [12] [13]
<sections/images//matriz_confus√£o.png, id=852, 578.16pt x 184.69pt>
File: sections/images//matriz_confus√£o.png Graphic file (type png)
<use sections/images//matriz_confus√£o.png>
Package pdftex.def Info: sections/images//matriz_confus√£o.png  used on input line 254.
(pdftex.def)             Requested size: 338.58632pt x 108.15733pt.
 [14 <./sections/images//matriz_confus√£o.png>]
LaTeX Info: Symbol \texttwosuperior not provided by
            font family aer in TS1 encoding.
            Default family used instead on input line 293.
LaTeX Info: Symbol \texttwosuperior not provided by
            font family aer in TS1 encoding.
            Default family used instead on input line 293.
LaTeX Info: Symbol \texttwosuperior not provided by
            font family aer in TS1 encoding.
            Default family used instead on input line 293.
LaTeX Info: Symbol \texttwosuperior not provided by
            font family aer in TS1 encoding.
            Default family used instead on input line 293.
LaTeX Info: Symbol \texttwosuperior not provided by
            font family aer in TS1 encoding.
            Default family used instead on input line 293.
LaTeX Info: Symbol \texttwosuperior not provided by
            font family aer in TS1 encoding.
            Default family used instead on input line 293.
 [15]
Overfull \hbox (3.45671pt too wide) in alignment at lines 339--343
 [] [] [] 
 []


Underfull \hbox (badness 6825) in paragraph at lines 349--350
[]|\T1/aer/m/n/10 Prever as ta-xas de c‚m-bio USD/TRY e
 []


Underfull \hbox (badness 10000) in paragraph at lines 387--388
[]|\T1/aer/m/n/10 Propor uma nova abor-da-gem de se-le-
 []


Overfull \hbox (3.45671pt too wide) in alignment at lines 343--393
 [] [] [] 
 []

[16] [17]) (./sections/4-content/4-methodology.tex [18]
Cap\'{\i }tulo 3.

Overfull \hbox (12.79999pt too wide) in paragraph at lines 1--1
[]  
 []


Overfull \hbox (12.79999pt too wide) in paragraph at lines 1--1
[]  
 []

<sections/images/base_dados.png, id=1029, 2877.75125pt x 890.32625pt>
File: sections/images/base_dados.png Graphic file (type png)
<use sections/images/base_dados.png>
Package pdftex.def Info: sections/images/base_dados.png  used on input line 14.
(pdftex.def)             Requested size: 478.86255pt x 148.14734pt.
[19

 <./sections/images/base_dados.png>]
<sections/images/feature_selection.png, id=1116, 965.6075pt x 485.815pt>
File: sections/images/feature_selection.png Graphic file (type png)
<use sections/images/feature_selection.png>
Package pdftex.def Info: sections/images/feature_selection.png  used on input line 61.
(pdftex.def)             Requested size: 478.86255pt x 240.92023pt.
LaTeX Info: Symbol \texttwosuperior not provided by
            font family aer in TS1 encoding.
            Default family used instead on input line 65.
LaTeX Info: Symbol \texttwosuperior not provided by
            font family aer in TS1 encoding.
            Default family used instead on input line 65.
 [20]
<sections/images/model_prediction.png, id=1148, 748.7975pt x 503.8825pt>
File: sections/images/model_prediction.png Graphic file (type png)
<use sections/images/model_prediction.png>
Package pdftex.def Info: sections/images/model_prediction.png  used on input line 83.
(pdftex.def)             Requested size: 478.86255pt x 322.23766pt.
 [21 <./sections/images/feature_selection.png>]
<sections/images/strategy.png, id=1171, 768.8725pt x 405.515pt>
File: sections/images/strategy.png Graphic file (type png)
<use sections/images/strategy.png>
Package pdftex.def Info: sections/images/strategy.png  used on input line 102.
(pdftex.def)             Requested size: 478.86255pt x 252.5676pt.
 [22 <./sections/images/model_prediction.png>]) (./sections/4-content/5-results_analysis.tex [23 <./sections/images/strategy.png>]
Cap\'{\i }tulo 4.

Overfull \hbox (12.79999pt too wide) in paragraph at lines 1--1
[]  
 []


Overfull \hbox (12.79999pt too wide) in paragraph at lines 1--1
[]  
 []

) (./sections/4-content/6-conclusion.tex [24

]
Cap\'{\i }tulo 5.

Overfull \hbox (12.79999pt too wide) in paragraph at lines 1--1
[]  
 []


Overfull \hbox (12.79999pt too wide) in paragraph at lines 1--1
[]  
 []

) (./main.bbl [25

]
LaTeX Font Info:    Trying to load font information for T1+aett on input line 103.
 (/usr/share/texlive/texmf-dist/tex/latex/ae/t1aett.fd
File: t1aett.fd 1997/11/16 Font definitions for T1/aett.
) [26

]
Underfull \hbox (badness 1354) in paragraph at lines 178--181
\T1/aer/m/it/10 tÌ-nua evo-lu-Á„o\T1/aer/m/n/10 . 2023. []$\T1/aett/m/n/10 https : / / conteudos . xpi . com . br / acoes / relatorios / 
 []

[27] [28] [29]) [30] (./main.aux)

LaTeX Font Warning: Some font shapes were not available, defaults substituted.


LaTeX Warning: Label(s) may have changed. Rerun to get cross-references right.

Package rerunfilecheck Info: File `main.out' has not changed.
(rerunfilecheck)             Checksum: 84951E5C016EF37B398878E9BEBB9945;4673.
 ) 
Here is how much of TeX's memory you used:
 26853 strings out of 478287
 650740 string characters out of 5849289
 849478 words of memory out of 5000000
 44393 multiletter control sequences out of 15000+600000
 567512 words of font info for 231 fonts, out of 8000000 for 9000
 1141 hyphenation exceptions out of 8191
 73i,12n,80p,1572b,618s stack positions out of 5000i,500n,10000p,200000b,80000s
{/usr/share/texmf/fonts/enc/dvips/cm-super/cm-super-ts1.enc}</usr/share/texlive/texmf-dist/fonts/type1/public/amsfonts/cm/cmb10.pfb></usr/share/texlive/texmf-dist/fonts/type1/public/amsfonts/cm/cmbxti10.pfb></usr/share/texlive/texmf-dist/fonts/type1/public/amsfonts/cm/cmex10.pfb></usr/share/texlive/texmf-dist/fonts/type1/public/amsfonts/cm/cmmi10.pfb></usr/share/texlive/texmf-dist/fonts/type1/public/amsfonts/cm/cmmi6.pfb></usr/share/texlive/texmf-dist/fonts/type1/public/amsfonts/cm/cmmi7.pfb></usr/share/texlive/texmf-dist/fonts/type1/public/amsfonts/cm/cmmi9.pfb></usr/share/texlive/texmf-dist/fonts/type1/public/amsfonts/cm/cmr10.pfb></usr/share/texlive/texmf-dist/fonts/type1/public/amsfonts/cm/cmr6.pfb></usr/share/texlive/texmf-dist/fonts/type1/public/amsfonts/cm/cmr7.pfb></usr/share/texlive/texmf-dist/fonts/type1/public/amsfonts/cm/cmr8.pfb></usr/share/texlive/texmf-dist/fonts/type1/public/amsfonts/cm/cmr9.pfb></usr/share/texlive/texmf-dist/fonts/type1/public/amsfonts/cm/cmsl10.pfb></usr/share/texlive/texmf-dist/fonts/type1/public/amsfonts/cm/cmssbx10.pfb></usr/share/texlive/texmf-dist/fonts/type1/public/amsfonts/cm/cmsy10.pfb></usr/share/texlive/texmf-dist/fonts/type1/public/amsfonts/cm/cmsy7.pfb></usr/share/texlive/texmf-dist/fonts/type1/public/amsfonts/cm/cmti10.pfb></usr/share/texlive/texmf-dist/fonts/type1/public/amsfonts/cm/cmti12.pfb></usr/share/texlive/texmf-dist/fonts/type1/public/amsfonts/cm/cmtt10.pfb></usr/share/texmf/fonts/type1/public/cm-super/sfrb1000.pfb></usr/share/texmf/fonts/type1/public/cm-super/sfrm1000.pfb>
Output written on main.pdf (41 pages, 1060503 bytes).
PDF statistics:
 1374 PDF objects out of 1440 (max. 8388607)
 1250 compressed objects within 13 object streams
 263 named destinations out of 1000 (max. 500000)
 332 words of extra memory for PDF output out of 10000 (max. 10000000)

